{"Code":{},"Status":{},"level":"info","msg":"service is ok","time":"2019-01-17T14:53:37+08:00"}
{"Code":{},"Status":{},"level":"error","msg":"Get http://127.0.0.1:8080/configfiles/json%01/default/: dial tcp 127.0.0.1:8080: getsockopt: connection refused","time":"2019-01-17T18:02:04+08:00"}
{"Code":{},"Status":{},"level":"error","msg":"Get http://127.0.0.1:8080/configfiles/json/1/default/: dial tcp 127.0.0.1:8080: getsockopt: connection refused","time":"2019-01-17T18:03:16+08:00"}
{"Code":{},"Status":{},"level":"error","msg":"invalid character '}' looking for beginning of object key string","time":"2019-01-18T14:26:18+08:00"}
{"Code":{},"Status":{},"level":"error","msg":"invalid character '}' looking for beginning of object key string","time":"2019-01-18T14:33:48+08:00"}
{"Code":{},"Status":{},"level":"error","msg":"invalid character '}' looking for beginning of object key string","time":"2019-01-18T14:34:06+08:00"}
{"Code":{},"Status":{},"level":"error","msg":"not data","time":"2019-01-18T14:48:49+08:00"}
{"Code":{},"Status":{},"level":"error","msg":"not data","time":"2019-01-18T14:49:24+08:00"}
{"Code":{},"Status":{},"level":"error","msg":"json data is unmarsha failed","time":"2019-01-18T14:51:09+08:00"}
{"Code":{},"Status":{},"level":"error","msg":"json data is unmarsha failed","time":"2019-01-18T14:51:30+08:00"}
{"Code":{},"Status":{},"level":"error","msg":"json data is unmarsha failed","time":"2019-01-18T15:32:58+08:00"}
{"Code":{},"Status":{},"level":"error","msg":"json data is unmarsha failed","time":"2019-01-18T15:33:08+08:00"}
{"Code":{},"Status":{},"level":"error","msg":"json data is unmarsha failed","time":"2019-01-18T15:33:10+08:00"}
{"Code":{},"Status":{},"level":"error","msg":"json data is unmarsha failed","time":"2019-01-18T15:33:10+08:00"}
{"Code":{},"Status":{},"level":"error","msg":"json data is unmarsha failed","time":"2019-01-18T15:33:11+08:00"}
{"Code":{},"Status":{},"level":"error","msg":"json data is unmarsha failed","time":"2019-01-18T15:33:12+08:00"}
{"Code":{},"Status":{},"level":"error","msg":"json data is unmarsha failed","time":"2019-01-18T15:33:13+08:00"}
{"Code":{},"Status":{},"level":"error","msg":"json data is unmarsha failed","time":"2019-01-18T15:33:13+08:00"}
{"Code":{},"Status":{},"level":"error","msg":"json data is unmarsha failed","time":"2019-01-18T15:33:14+08:00"}
{"Code":{},"Status":{},"level":"error","msg":"json data is unmarsha failed","time":"2019-01-18T15:33:14+08:00"}
{"Code":{},"Status":{},"level":"error","msg":"json data is unmarsha failed","time":"2019-01-18T15:35:13+08:00"}
{"Code":{},"Status":{},"level":"error","msg":"json data is unmarsha failed","time":"2019-01-18T15:35:15+08:00"}
{"Code":{},"Status":{},"level":"error","msg":"json data is unmarsha failed","time":"2019-01-18T16:28:32+08:00"}
{"Code":{},"Status":{},"level":"error","msg":"json data is unmarsha failed","time":"2019-01-18T16:29:50+08:00"}
{"Code":{},"Status":{},"level":"error","msg":"json data is unmarsha failed","time":"2019-01-18T16:29:53+08:00"}
{"Code":{},"Status":{},"level":"error","msg":"json data is unmarsha failed","time":"2019-01-18T16:30:37+08:00"}
{"Code":{},"Status":{},"level":"error","msg":"json data is unmarsha failed","time":"2019-01-18T16:30:50+08:00"}
{"Code":{},"Status":{},"level":"error","msg":"json  monitor data is unmarsha failed","time":"2019-01-18T16:31:46+08:00"}
{"Code":{},"Status":{},"level":"error","msg":"json  monitor data is unmarsha failed","time":"2019-01-18T16:31:51+08:00"}
{"Code":{},"Status":{},"level":"error","msg":"json  monitor data is unmarsha failed","time":"2019-01-18T16:32:58+08:00"}
{"Code":{},"Status":{},"level":"error","msg":"json  monitor data is unmarsha failed","time":"2019-01-18T16:33:06+08:00"}
{"Code":{},"Status":{},"level":"error","msg":"json  monitor data is unmarsha failed","time":"2019-01-18T16:33:35+08:00"}
{"Code":{},"Status":{},"level":"error","msg":"json  monitor data is unmarsha failed","time":"2019-01-18T16:33:38+08:00"}
